<?xml version="1.0" encoding="UTF-8"?>
<!-- Generated by org.testng.reporters.JUnitXMLReporter -->
<testsuite hostname="Udani-PC" ignored="0" name="Test" tests="19" failures="1" timestamp="14 Nov 2018 15:04:02 GMT" time="88.045" errors="0">
  <testcase name="Test1" time="2.689" classname="groundlabspac.QaAutomationTest"/>
  <testcase name="Test10" time="2.037" classname="groundlabspac.QaAutomationTest"/>
  <testcase name="Test11" time="0.938" classname="groundlabspac.QaAutomationTest"/>
  <testcase name="Test12" time="1.247" classname="groundlabspac.QaAutomationTest"/>
  <testcase name="Test13" time="1.657" classname="groundlabspac.QaAutomationTest"/>
  <testcase name="Test14" time="1.082" classname="groundlabspac.QaAutomationTest"/>
  <testcase name="Test15" time="1.35" classname="groundlabspac.QaAutomationTest"/>
  <testcase name="Test16" time="1.376" classname="groundlabspac.QaAutomationTest"/>
  <testcase name="Test17" time="0.889" classname="groundlabspac.QaAutomationTest"/>
  <testcase name="Test2" time="0.758" classname="groundlabspac.QaAutomationTest"/>
  <testcase name="Test3" time="3.629" classname="groundlabspac.QaAutomationTest"/>
  <testcase name="Test4" time="0.383" classname="groundlabspac.QaAutomationTest">
    <failure type="org.openqa.selenium.WebDriverException" message="unknown error: cannot focus element
  (Session info: chrome=70.0.3538.77)
  (Driver info: chromedriver=2.43.600210 (68dcf5eebde37173d4027fa8635e332711d2874a),platform=Windows NT 6.1.7601 SP1 x86_64) (WARNING: The server did not provide any stacktrace information)
Command duration or timeout: 0 milliseconds
Build info: version: &amp;apos;3.14.0&amp;apos;, revision: &amp;apos;aacccce0&amp;apos;, time: &amp;apos;2018-08-02T20:05:20.749Z&amp;apos;
System info: host: &amp;apos;UDANI-PC&amp;apos;, ip: &amp;apos;192.168.1.139&amp;apos;, os.name: &amp;apos;Windows 7&amp;apos;, os.arch: &amp;apos;amd64&amp;apos;, os.version: &amp;apos;6.1&amp;apos;, java.version: &amp;apos;1.8.0_191&amp;apos;
Driver info: org.openqa.selenium.chrome.ChromeDriver
Capabilities {acceptInsecureCerts: false, acceptSslCerts: false, applicationCacheEnabled: false, browserConnectionEnabled: false, browserName: chrome, chrome: {chromedriverVersion: 2.43.600210 (68dcf5eebde371..., userDataDir: C:\Users\Udani\AppData\Loca...}, cssSelectorsEnabled: true, databaseEnabled: false, goog:chromeOptions: {debuggerAddress: localhost:63568}, handlesAlerts: true, hasTouchScreen: false, javascriptEnabled: true, locationContextEnabled: true, mobileEmulationEnabled: false, nativeEvents: true, networkConnectionEnabled: false, pageLoadStrategy: normal, platform: XP, platformName: XP, rotatable: false, setWindowRect: true, takesHeapSnapshot: true, takesScreenshot: true, unexpectedAlertBehaviour: , unhandledPromptBehavior: , version: 70.0.3538.77, webStorageEnabled: true}
Session ID: 4820ee1e49c566a7ad5483af44a1ae5a">
      <![CDATA[org.openqa.selenium.WebDriverException: unknown error: cannot focus element
  (Session info: chrome=70.0.3538.77)
  (Driver info: chromedriver=2.43.600210 (68dcf5eebde37173d4027fa8635e332711d2874a),platform=Windows NT 6.1.7601 SP1 x86_64) (WARNING: The server did not provide any stacktrace information)
Command duration or timeout: 0 milliseconds
Build info: version: '3.14.0', revision: 'aacccce0', time: '2018-08-02T20:05:20.749Z'
System info: host: 'UDANI-PC', ip: '192.168.1.139', os.name: 'Windows 7', os.arch: 'amd64', os.version: '6.1', java.version: '1.8.0_191'
Driver info: org.openqa.selenium.chrome.ChromeDriver
Capabilities {acceptInsecureCerts: false, acceptSslCerts: false, applicationCacheEnabled: false, browserConnectionEnabled: false, browserName: chrome, chrome: {chromedriverVersion: 2.43.600210 (68dcf5eebde371..., userDataDir: C:\Users\Udani\AppData\Loca...}, cssSelectorsEnabled: true, databaseEnabled: false, goog:chromeOptions: {debuggerAddress: localhost:63568}, handlesAlerts: true, hasTouchScreen: false, javascriptEnabled: true, locationContextEnabled: true, mobileEmulationEnabled: false, nativeEvents: true, networkConnectionEnabled: false, pageLoadStrategy: normal, platform: XP, platformName: XP, rotatable: false, setWindowRect: true, takesHeapSnapshot: true, takesScreenshot: true, unexpectedAlertBehaviour: , unhandledPromptBehavior: , version: 70.0.3538.77, webStorageEnabled: true}
Session ID: 4820ee1e49c566a7ad5483af44a1ae5a
at org.openqa.selenium.remote.ErrorHandler.createThrowable(ErrorHandler.java:214)
at org.openqa.selenium.remote.ErrorHandler.throwIfResponseFailed(ErrorHandler.java:166)
at org.openqa.selenium.remote.http.JsonHttpResponseCodec.reconstructValue(JsonHttpResponseCodec.java:40)
at org.openqa.selenium.remote.http.AbstractHttpResponseCodec.decode(AbstractHttpResponseCodec.java:80)
at org.openqa.selenium.remote.http.AbstractHttpResponseCodec.decode(AbstractHttpResponseCodec.java:44)
at org.openqa.selenium.remote.HttpCommandExecutor.execute(HttpCommandExecutor.java:158)
at org.openqa.selenium.remote.service.DriverCommandExecutor.execute(DriverCommandExecutor.java:83)
at org.openqa.selenium.remote.RemoteWebDriver.execute(RemoteWebDriver.java:548)
at org.openqa.selenium.remote.RemoteWebElement.execute(RemoteWebElement.java:276)
at org.openqa.selenium.remote.RemoteWebElement.sendKeys(RemoteWebElement.java:100)
at groundlabspac.QaAutomationTest.Test4(QaAutomationTest.java:357)
... Removed 29 stack frames]]>
    </failure>
  </testcase> <!-- Test4 -->
  <testcase name="Test5" time="4.168" classname="groundlabspac.QaAutomationTest"/>
  <testcase name="Test6" time="0.531" classname="groundlabspac.QaAutomationTest"/>
  <testcase name="Test6" time="0.464" classname="groundlabspac.QaAutomationTest"/>
  <testcase name="Test6" time="0.482" classname="groundlabspac.QaAutomationTest"/>
  <testcase name="Test7" time="0.821" classname="groundlabspac.QaAutomationTest"/>
  <testcase name="Test8" time="1.186" classname="groundlabspac.QaAutomationTest"/>
  <testcase name="Test9" time="3.55" classname="groundlabspac.QaAutomationTest"/>
</testsuite> <!-- Test -->
